# Time of run:
# Sat Jul 31 12:12:27 2021
# Command:
# ./berkeley_parse_analyser/classify_german_vm.py sample_data/turn_vm_ger_with_speech_output_top.txt sample_data/turn_dev_top_ger.trees classified.vm_ger_turn.with_speech_TOP
#
Printing tree transformations
Sentence 1:

Sentence 2:

Sentence 3:

Sentence 4:

Sentence 5:

Sentence 6:

Sentence 7:

Sentence 8:

Sentence 9:

Sentence 10:

Sentence 11:

Sentence 12:

Sentence 13:

Sentence 14:

Sentence 15:

Sentence 16:

Sentence 17:

Sentence 18:

Sentence 19:

Sentence 20:

Sentence 21:

Sentence 22:

Sentence 23:

Sentence 24:

Sentence 25:

Sentence 26:

Sentence 27:

Sentence 28:

Sentence 29:

Sentence 30:

Sentence 31:

Sentence 32:

Sentence 33:

Sentence 34:

Sentence 35:

Sentence 36:

Sentence 37:

Sentence 38:

Sentence 39:

Sentence 40:

Sentence 41:

Sentence 42:

Sentence 43:

Sentence 44:

Sentence 45:

Sentence 46:

Sentence 47:

Sentence 48:

Sentence 49:

Sentence 50:

Sentence 51:

Sentence 52:

Sentence 53:

Sentence 54:

Sentence 55:

Sentence 56:

Sentence 57:

Sentence 58:

Sentence 59:

Sentence 60:

Sentence 61:

Sentence 62:

Sentence 63:

Sentence 64:

Sentence 65:

Sentence 66:

Sentence 67:

Sentence 68:

Sentence 69:

Sentence 70:

Sentence 71:

Sentence 72:

Sentence 73:

Sentence 74:

Sentence 75:

Sentence 76:

Sentence 77:

Sentence 78:

Sentence 79:

Sentence 80:

Sentence 81:

Sentence 82:

Sentence 83:

Sentence 84:

Sentence 85:

Sentence 86:

Sentence 87:

Sentence 88:

Sentence 89:

Sentence 90:

Sentence 91:

Sentence 92:

Sentence 93:

Sentence 94:

Sentence 95:

Sentence 96:

Sentence 97:

Sentence 98:

Sentence 99:

Sentence 100:

Sentence 101:

Sentence 102:

Sentence 103:

Sentence 104:

Sentence 105:

Sentence 106:

Sentence 107:

Sentence 108:

Sentence 109:

Sentence 110:

Sentence 111:

Sentence 112:

Sentence 113:

Sentence 114:

Sentence 115:

Sentence 116:

Sentence 117:

Sentence 118:

Sentence 119:

Sentence 120:

Sentence 121:

Sentence 122:

Sentence 123:

Sentence 124:

Sentence 125:

Sentence 126:

Sentence 127:

Sentence 128:

Sentence 129:

Sentence 130:

Sentence 131:

Sentence 132:

Sentence 133:

Sentence 134:

Sentence 135:

Sentence 136:

Sentence 137:

Sentence 138:

Sentence 139:

Sentence 140:

Sentence 141:

Sentence 142:

Sentence 143:

Sentence 144:

Sentence 145:

Sentence 146:

Sentence 147:

Sentence 148:

Sentence 149:

Sentence 150:

Sentence 151:

Sentence 152:

Sentence 153:

Sentence 154:

Sentence 155:

Sentence 156:

Sentence 157:

Sentence 158:

Sentence 159:

Sentence 160:

Sentence 161:

Sentence 162:

Sentence 163:

Sentence 164:

Sentence 165:

Sentence 166:

Sentence 167:

Sentence 168:

Sentence 169:

Sentence 170:

Sentence 171:

Sentence 172:

Sentence 173:

Sentence 174:

Sentence 175:

Sentence 176:

Sentence 177:

Sentence 178:

Sentence 179:

Sentence 180:

Sentence 181:

Sentence 182:

Sentence 183:

Sentence 184:

Sentence 185:

Sentence 186:

Sentence 187:

Sentence 188:

Sentence 189:

Sentence 190:

Sentence 191:

Sentence 192:

Sentence 193:

Sentence 194:

Sentence 195:

Sentence 196:

Sentence 197:

Sentence 198:

Sentence 199:

Sentence 200:

Sentence 201:

Sentence 202:

Sentence 203:

Sentence 204:

Sentence 205:

Sentence 206:

Sentence 207:

Sentence 208:

Sentence 209:

Sentence 210:

Sentence 211:

Sentence 212:

Sentence 213:

Sentence 214:

Sentence 215:

Sentence 216:

Sentence 217:

Sentence 218:

Sentence 219:

Sentence 220:

Sentence 221:

Sentence 222:

Sentence 223:

Sentence 224:

Sentence 225:

Sentence 226:

Sentence 227:

Sentence 228:

Sentence 229:

Sentence 230:

Sentence 231:

Sentence 232:

Sentence 233:

Sentence 234:

Sentence 235:

Sentence 236:

Sentence 237:

Sentence 238:

Sentence 239:

Sentence 240:

Sentence 241:

Sentence 242:

Sentence 243:

Sentence 244:

Sentence 245:

Sentence 246:

Sentence 247:

Sentence 248:

Sentence 249:

Sentence 250:

Sentence 251:

Sentence 252:

Sentence 253:

Sentence 254:

Sentence 255:

Sentence 256:

Sentence 257:

Sentence 258:

Sentence 259:

Sentence 260:

Sentence 261:

Sentence 262:

Sentence 263:

Sentence 264:

Sentence 265:

Sentence 266:

Sentence 267:

Sentence 268:

Sentence 269:

Sentence 270:

Sentence 271:

Sentence 272:

Sentence 273:

Sentence 274:

Sentence 275:

Sentence 276:

Sentence 277:

Sentence 278:

Sentence 279:

Sentence 280:

Sentence 281:

Sentence 282:

Sentence 283:

Sentence 284:

Sentence 285:

Sentence 286:

Sentence 287:

Sentence 288:

Sentence 289:

Sentence 290:

Sentence 291:

Sentence 292:

Sentence 293:

Sentence 294:

Sentence 295:

Sentence 296:

Sentence 297:

Sentence 298:

Sentence 299:

Sentence 300:

Sentence 301:

Sentence 302:

Sentence 303:

Sentence 304:

Sentence 305:

Sentence 306:

Sentence 307:

Sentence 308:

Sentence 309:

Sentence 310:

Sentence 311:

Sentence 312:

Sentence 313:

Sentence 314:

Sentence 315:

Sentence 316:

Sentence 317:

Sentence 318:

Sentence 319:

Sentence 320:

Sentence 321:

Sentence 322:

Sentence 323:

Sentence 324:

Sentence 325:

Sentence 326:

Sentence 327:

Sentence 328:

Sentence 329:

Sentence 330:

Sentence 331:

Sentence 332:

Sentence 333:

Sentence 334:

Sentence 335:

Sentence 336:

Sentence 337:

Sentence 338:

Sentence 339:

Sentence 340:

Sentence 341:

Sentence 342:

Sentence 343:

Sentence 344:

Sentence 345:

Sentence 346:

Sentence 347:

Sentence 348:

Sentence 349:

Sentence 350:

Sentence 351:

Sentence 352:

Sentence 353:

Sentence 354:

Sentence 355:

Sentence 356:

Sentence 357:

Sentence 358:

Sentence 359:

Sentence 360:

Sentence 361:

Sentence 362:

Sentence 363:

Sentence 364:

Sentence 365:

Sentence 366:

Sentence 367:

Sentence 368:

Sentence 369:

Sentence 370:

Sentence 371:

Sentence 372:

Sentence 373:

Sentence 374:

Sentence 375:

Sentence 376:

Sentence 377:

Sentence 378:

Sentence 379:

Sentence 380:

Sentence 381:

Sentence 382:

Sentence 383:

Sentence 384:

Sentence 385:

Sentence 386:

Sentence 387:

Sentence 388:

Sentence 389:

Sentence 390:

Sentence 391:

Sentence 392:

Sentence 393:

Sentence 394:

Sentence 395:

Sentence 396:

Sentence 397:

Sentence 398:

Sentence 399:

Sentence 400:

Sentence 401:

Sentence 402:

Sentence 403:

Sentence 404:

Sentence 405:

Sentence 406:

Sentence 407:

Sentence 408:

Sentence 409:

Sentence 410:

Sentence 411:

Sentence 412:

Sentence 413:

Sentence 414:

Sentence 415:

Sentence 416:

Sentence 417:

Sentence 418:

Sentence 419:

Sentence 420:

Sentence 421:

Sentence 422:

Sentence 423:

Sentence 424:

Sentence 425:

Sentence 426:

Sentence 427:

Sentence 428:

Sentence 429:

Sentence 430:

Sentence 431:

Sentence 432:

Sentence 433:

Sentence 434:

Sentence 435:

Sentence 436:

Sentence 437:

Sentence 438:

Sentence 439:

Sentence 440:

Sentence 441:

Sentence 442:

Sentence 443:

Sentence 444:

Sentence 445:

Sentence 446:

Sentence 447:

Sentence 448:

Sentence 449:

Sentence 450:

Sentence 451:

Sentence 452:

Sentence 453:

Sentence 454:

Sentence 455:

Sentence 456:

Sentence 457:

Sentence 458:

Sentence 459:

Sentence 460:

Sentence 461:

Sentence 462:

Sentence 463:

Sentence 464:

Sentence 465:

Sentence 466:

Sentence 467:

Sentence 468:

Sentence 469:

Sentence 470:

Sentence 471:

Sentence 472:

Sentence 473:

Sentence 474:

Sentence 475:

Sentence 476:

Sentence 477:

Sentence 478:

Sentence 479:

Sentence 480:

Sentence 481:

Sentence 482:

Sentence 483:

Sentence 484:

Sentence 485:

Sentence 486:

Sentence 487:

Sentence 488:

Sentence 489:

Sentence 490:

Sentence 491:

Sentence 492:

Sentence 493:

Sentence 494:

Sentence 495:

Sentence 496:

Sentence 497:

Sentence 498:

Sentence 499:

Sentence 500:

Sentence 501:

Sentence 502:

Sentence 503:

Sentence 504:

Sentence 505:

Sentence 506:

Sentence 507:

Sentence 508:

Sentence 509:

Sentence 510:

Sentence 511:

Sentence 512:

Sentence 513:

Sentence 514:

Sentence 515:

Sentence 516:

Sentence 517:

Sentence 518:

Sentence 519:

Sentence 520:

Sentence 521:

Sentence 522:

Sentence 523:

Sentence 524:

Sentence 525:

Sentence 526:

Sentence 527:

Sentence 528:

Sentence 529:

Sentence 530:

Sentence 531:

Sentence 532:

Sentence 533:

Sentence 534:

Sentence 535:

Sentence 536:

Sentence 537:

Sentence 538:

Sentence 539:

Sentence 540:

Sentence 541:

Sentence 542:

Sentence 543:

Sentence 544:

Sentence 545:

Sentence 546:

Sentence 547:

Sentence 548:

Sentence 549:

Sentence 550:

Sentence 551:

Sentence 552:

Sentence 553:

Sentence 554:

Sentence 555:

Sentence 556:

Sentence 557:

Sentence 558:

Sentence 559:

Sentence 560:

Sentence 561:

Sentence 562:

Sentence 563:

Sentence 564:

Sentence 565:

Sentence 566:

Sentence 567:

Sentence 568:

Sentence 569:

Sentence 570:

Sentence 571:

Sentence 572:

Sentence 573:

Sentence 574:

Sentence 575:

Sentence 576:

Sentence 577:

Sentence 578:

Sentence 579:

Sentence 580:

Sentence 581:

Sentence 582:

Sentence 583:

Sentence 584:

Sentence 585:

Sentence 586:

Sentence 587:

Sentence 588:

Sentence 589:

Sentence 590:

Sentence 591:

Sentence 592:

Sentence 593:

Sentence 594:

Sentence 595:

Sentence 596:

Sentence 597:

Sentence 598:

Sentence 599:

Sentence 600:

Sentence 601:

Sentence 602:

Sentence 603:

Sentence 604:

Sentence 605:

Sentence 606:

Sentence 607:

Sentence 608:

Sentence 609:

Sentence 610:

Sentence 611:

Sentence 612:

Sentence 613:

Sentence 614:

Sentence 615:

Sentence 616:

Sentence 617:

Sentence 618:

Sentence 619:

Sentence 620:

Sentence 621:

Sentence 622:

Sentence 623:

Sentence 624:

Sentence 625:

Sentence 626:

Sentence 627:

Sentence 628:

Sentence 629:

Sentence 630:

Sentence 631:

Sentence 632:

Sentence 633:

Sentence 634:

Sentence 635:

Sentence 636:

Sentence 637:

Sentence 638:

Sentence 639:

Sentence 640:

Sentence 641:

Sentence 642:

Sentence 643:

Sentence 644:

Sentence 645:

Sentence 646:

Sentence 647:

Sentence 648:

Sentence 649:

Sentence 650:

Sentence 651:

Sentence 652:

Sentence 653:

Sentence 654:

Sentence 655:

Sentence 656:

Sentence 657:

Sentence 658:

Sentence 659:

Sentence 660:

Sentence 661:

Sentence 662:

Sentence 663:

Sentence 664:

Sentence 665:

Sentence 666:

Sentence 667:

Sentence 668:

Sentence 669:

Sentence 670:

Sentence 671:

Sentence 672:

Sentence 673:

Sentence 674:

Sentence 675:

Sentence 676:

Sentence 677:

Sentence 678:

Sentence 679:

Sentence 680:

Sentence 681:

Sentence 682:

Sentence 683:

Sentence 684:

Sentence 685:

Sentence 686:

Sentence 687:

Sentence 688:

Sentence 689:

Sentence 690:

Sentence 691:

Sentence 692:

Sentence 693:

Sentence 694:

Sentence 695:

Sentence 696:

Sentence 697:

End of both input files
